<?xml version="1.0" encoding="UTF-8"?>
<testsuite name="EulerProj2Tests" tests="1" skipped="0" failures="0" errors="0" timestamp="2021-08-31T15:00:58" hostname="FDG-C02X16JYJG5M" time="0.022">
  <properties/>
  <testcase name="fibonacciTest()" classname="EulerProj2Tests" time="0.022"/>
  <system-out><![CDATA[]]></system-out>
  <system-err><![CDATA[]]></system-err>
</testsuite>
